============================= test session starts =============================
platform win32 -- Python 3.13.3, pytest-9.0.1, pluggy-1.6.0 -- C:\Users\joshe\Desktop\Zenz\studiozens\venv\Scripts\python.exe
cachedir: .pytest_cache
django: version: 5.2.3, settings: studiozens.settings (from ini)
rootdir: C:\Users\joshe\Desktop\Zenz\studiozens
configfile: pytest.ini
plugins: anyio-4.11.0, cov-7.0.0, django-4.11.1, mock-3.15.1
collecting ... collected 7 items

legal/tests/test_extended.py::TestLegalDocumentInvalidation::test_save_invalidates_previous_consents Operations to perform:
  Synchronize unmigrated apps: analytics, corsheaders, csp, django_prometheus, messages, rest_framework, rest_framework_simplejwt, simple_history, staticfiles
  Apply all migrations: admin, auth, bot, contenttypes, core, finances, legal, marketplace, notifications, profiles, sessions, spa, token_blacklist, users
Synchronizing apps without migrations:
  Creating tables...
    Running deferred SQL...
Running migrations:
  No migrations to apply.
FAILED
legal/tests/test_extended.py::TestLegalViewsExtended::test_legal_document_viewset_queryset_admin PASSED
legal/tests/test_extended.py::TestLegalViewsExtended::test_legal_document_viewset_queryset_user PASSED
legal/tests/test_extended.py::TestLegalViewsExtended::test_legal_document_viewset_filtering PASSED
legal/tests/test_extended.py::TestLegalMiddlewareExtended::test_middleware_skips_prefixes PASSED
legal/tests/test_extended.py::TestLegalMiddlewareExtended::test_middleware_skips_unauthenticated PASSED
legal/tests/test_extended.py::TestLegalMiddlewareExtended::test_middleware_no_active_doc PASSED

================================== FAILURES ===================================
____ TestLegalDocumentInvalidation.test_save_invalidates_previous_consents ____
legal\tests\test_extended.py:47: in test_save_invalidates_previous_consents
    assert consent.is_valid is False
E   assert True is False
E    +  where True = <UserConsent: Terms v1 v1 aceptado por None (GLOBAL)>.is_valid
=========================== short test summary info ===========================
FAILED legal/tests/test_extended.py::TestLegalDocumentInvalidation::test_save_invalidates_previous_consents - assert True is False
 +  where True = <UserConsent: Terms v1 v1 aceptado por None (GLOBAL)>.is_valid
=================== 1 failed, 6 passed, 1 warning in 2.19s ====================
